[2026-06-08T15:07:32+00:00] profile supervisor starting
[2026-06-08T15:07:32+00:00] started butter pid=1069
[2026-06-08T15:07:32+00:00] started catthew pid=1075
[2026-06-08T15:07:32+00:00] started charles pid=1081
[2026-06-08T15:07:32+00:00] started finance pid=1087
[2026-06-08T15:07:32+00:00] started thor pid=1093
[2026-06-08T15:07:32+00:00] started zeus pid=1099
[2026-06-08T15:07:52+00:00] started finance pid=1312
[2026-06-08T15:07:52+00:00] started zeus pid=1321
[2026-06-08T15:08:12+00:00] started finance pid=1473
[2026-06-08T15:08:12+00:00] started zeus pid=1482
[2026-06-08T15:08:32+00:00] started finance pid=1576
[2026-06-08T15:08:32+00:00] started zeus pid=1585
[2026-06-08T15:08:52+00:00] started finance pid=1702
[2026-06-08T15:08:53+00:00] started zeus pid=1711
[2026-06-08T15:09:13+00:00] started finance pid=1795
[2026-06-09T04:10:48+00:00] started butter pid=49150
[2026-06-09T04:10:48+00:00] started catthew pid=49156
[2026-06-09T04:10:48+00:00] started charles pid=49162
[2026-06-09T04:10:48+00:00] started finance pid=49168
[2026-06-09T04:10:48+00:00] started thor pid=49174
[2026-06-09T04:10:48+00:00] started zeus pid=49180
